0 info it worked if it ends with ok
1 verbose cli [ '/usr/bin/node', '/usr/bin/npm', 'run', 'local' ]
2 info using npm@3.5.2
3 info using node@v8.10.0
4 verbose run-script [ 'prelocal', 'local', 'postlocal' ]
5 info lifecycle chalk@~prelocal: chalk@
6 silly lifecycle chalk@~prelocal: no script for prelocal, continuing
7 info lifecycle chalk@~local: chalk@
8 verbose lifecycle chalk@~local: unsafe-perm in lifecycle true
9 verbose lifecycle chalk@~local: PATH: /usr/share/npm/bin/node-gyp-bin:/mnt/c/Users/gautam.chettiar/OneDrive - Protegrity USA, Inc/documents/jekyll_projects/gauthamchettiar.github.io2/node_modules/.bin:/opt/go/bin:/home/gautham/.local/bin:/usr/local/sbin:/usr/local/bin:/usr/sbin:/usr/bin:/sbin:/bin:/usr/games:/usr/local/games:/mnt/c/Program Files (x86)/Common Files/Oracle/Java/javapath:/mnt/c/WINDOWS/system32:/mnt/c/WINDOWS:/mnt/c/WINDOWS/System32/Wbem:/mnt/c/WINDOWS/System32/WindowsPowerShell/v1.0/:/mnt/c/WINDOWS/System32/OpenSSH/:/mnt/c/Program Files/Git/cmd:/mnt/c/Go/bin:/mnt/c/Program Files/PuTTY/:/mnt/c/Users/gautam.chettiar/AppData/Local/Programs/Python/Python38-32/Scripts/:/mnt/c/Users/gautam.chettiar/AppData/Local/Programs/Python/Python38-32/:/mnt/c/Users/gautam.chettiar/AppData/Local/Microsoft/WindowsApps:/mnt/c/Users/gautam.chettiar/AppData/Local/Programs/Microsoft VS Code/bin:/mnt/c/Users/gautam.chettiar/flutter/bin:/mnt/c/Program Files/Java/jdk1.8.0_241/bin:/mnt/c/Users/gautam.chettiar/flutter/bin/cache/dart-sdk/bin:/mnt/c/Program Files (x86)/Sophos/Sophos SSL VPN Client/bin:/mnt/c/Users/gautam.chettiar/go/bin:/mnt/c/Program Files/PostgreSQL/13/bin:/snap/bin:/opt/gradle/gradle-6.4.1/bin
10 verbose lifecycle chalk@~local: CWD: /mnt/c/Users/gautam.chettiar/OneDrive - Protegrity USA, Inc/documents/jekyll_projects/gauthamchettiar.github.io2
11 silly lifecycle chalk@~local: Args: [ '-c', 'bundle exec jekyll serve --drafts' ]
12 silly lifecycle chalk@~local: Returned: code: 1  signal: null
13 info lifecycle chalk@~local: Failed to exec local script
14 verbose stack Error: chalk@ local: `bundle exec jekyll serve --drafts`
14 verbose stack Exit status 1
14 verbose stack     at EventEmitter.<anonymous> (/usr/share/npm/lib/utils/lifecycle.js:232:16)
14 verbose stack     at emitTwo (events.js:126:13)
14 verbose stack     at EventEmitter.emit (events.js:214:7)
14 verbose stack     at ChildProcess.<anonymous> (/usr/share/npm/lib/utils/spawn.js:24:14)
14 verbose stack     at emitTwo (events.js:126:13)
14 verbose stack     at ChildProcess.emit (events.js:214:7)
14 verbose stack     at maybeClose (internal/child_process.js:925:16)
14 verbose stack     at Process.ChildProcess._handle.onexit (internal/child_process.js:209:5)
15 verbose pkgid chalk@
16 verbose cwd /mnt/c/Users/gautam.chettiar/OneDrive - Protegrity USA, Inc/documents/jekyll_projects/gauthamchettiar.github.io2
17 error Linux 4.4.0-19041-Microsoft
18 error argv "/usr/bin/node" "/usr/bin/npm" "run" "local"
19 error node v8.10.0
20 error npm  v3.5.2
21 error code ELIFECYCLE
22 error chalk@ local: `bundle exec jekyll serve --drafts`
22 error Exit status 1
23 error Failed at the chalk@ local script 'bundle exec jekyll serve --drafts'.
23 error Make sure you have the latest version of node.js and npm installed.
23 error If you do, this is most likely a problem with the chalk package,
23 error not with npm itself.
23 error Tell the author that this fails on your system:
23 error     bundle exec jekyll serve --drafts
23 error You can get information on how to open an issue for this project with:
23 error     npm bugs chalk
23 error Or if that isn't available, you can get their info via:
23 error     npm owner ls chalk
23 error There is likely additional logging output above.
24 verbose exit [ 1, true ]
